# Program and compilation
```bash
harry@debian:~/C/GDB/01_Getting_Started$ gcc -g -o App0 App.c 
harry@debian:~/C/GDB/01_Getting_Started$ ./App0 
Aborted (core dumped)
harry@debian:~/C/GDB/01_Getting_Started$ cat App.c
#include <stdlib.h>

void bar()
{
    abort();
}

void foo()
{
    bar();
}

int main(int argc, const char * argv[])
{
    foo();
    return 0;
}
```
# GDB opening coredump
```bash
harry@debian:~/C/GDB/01_Getting_Started$ gdb -c /var/crash/core.App0.3929 -se App0
GNU gdb (Debian 13.1-3) 13.1
Copyright (C) 2023 Free Software Foundation, Inc.
License GPLv3+: GNU GPL version 3 or later <http://gnu.org/licenses/gpl.html>
This is free software: you are free to change and redistribute it.
There is NO WARRANTY, to the extent permitted by law.
Type "show copying" and "show warranty" for details.
This GDB was configured as "x86_64-linux-gnu".
Type "show configuration" for configuration details.
For bug reporting instructions, please see:
<https://www.gnu.org/software/gdb/bugs/>.
Find the GDB manual and other documentation resources online at:
    <http://www.gnu.org/software/gdb/documentation/>.

For help, type "help".
Type "apropos word" to search for commands related to "word"...
Reading symbols from App0...
[New LWP 3929]
[Thread debugging using libthread_db enabled]
Using host libthread_db library "/lib/x86_64-linux-gnu/libthread_db.so.1".
Core was generated by `./App0'.
Program terminated with signal SIGABRT, Aborted.
#0  __pthread_kill_implementation (threadid=<optimized out>, signo=signo@entry=6, no_tid=no_tid@entry=0) at ./nptl/pthread_kill.c:44
44	./nptl/pthread_kill.c: No such file or directory.
```
# backtrace command
```bash
(gdb) bt
#0  __pthread_kill_implementation (threadid=<optimized out>, signo=signo@entry=6, no_tid=no_tid@entry=0) at ./nptl/pthread_kill.c:44
#1  0x00007f8c5d0cae9f in __pthread_kill_internal (signo=6, threadid=<optimized out>) at ./nptl/pthread_kill.c:78
#2  0x00007f8c5d07bfb2 in __GI_raise (sig=sig@entry=6) at ../sysdeps/posix/raise.c:26
#3  0x00007f8c5d066472 in __GI_abort () at ./stdlib/abort.c:79
#4  0x000055d2283fe142 in bar () at App.c:5
#5  0x000055d2283fe150 in foo () at App.c:10
#6  0x000055d2283fe16c in main (argc=1, argv=0x7ffdd47e4b18) at App.c:15
(gdb) bt full
#0  __pthread_kill_implementation (threadid=<optimized out>, signo=signo@entry=6, no_tid=no_tid@entry=0) at ./nptl/pthread_kill.c:44
        tid = <optimized out>
        ret = 0
        pd = <optimized out>
        old_mask = {__val = {0}}
        ret = <optimized out>
#1  0x00007f8c5d0cae9f in __pthread_kill_internal (signo=6, threadid=<optimized out>) at ./nptl/pthread_kill.c:78
No locals.
#2  0x00007f8c5d07bfb2 in __GI_raise (sig=sig@entry=6) at ../sysdeps/posix/raise.c:26
        ret = <optimized out>
#3  0x00007f8c5d066472 in __GI_abort () at ./stdlib/abort.c:79
        save_stage = 1
        act = {__sigaction_handler = {sa_handler = 0x20, sa_sigaction = 0x20}, sa_mask = {__val = {0, 0, 0, 0, 0, 0, 0, 71776119061217280, 
              0, 1096173906, 0, 7091318245143102804, 6879649144301248355, 96, 0, 24}}, sa_flags = 0, sa_restorer = 0x0}
#4  0x000055d2283fe142 in bar () at App.c:5
No locals.
#5  0x000055d2283fe150 in foo () at App.c:10
No locals.
#6  0x000055d2283fe16c in main (argc=1, argv=0x7ffdd47e4b18) at App.c:15
No locals.
```
# info command
```bash
(gdb) info threads
  Id   Target Id                        Frame 
* 1    Thread 0x7f8c5d03d740 (LWP 3929) __pthread_kill_implementation (threadid=<optimized out>, signo=signo@entry=6, no_tid=no_tid@entry=0)
    at ./nptl/pthread_kill.c:44
(gdb) info registers
rax            0x0                 0
rbx            0xf59               3929
rcx            0x7f8c5d0cae3c      140240833261116
rdx            0x6                 6
rsi            0xf59               3929
rdi            0xf59               3929
rbp            0x7f8c5d03d740      0x7f8c5d03d740
rsp            0x7ffdd47e48c0      0x7ffdd47e48c0
r8             0x0                 0
r9             0x7f8c5d239680      140240834762368
r10            0x8                 8
r11            0x246               582
r12            0x6                 6
r13            0x7ffdd47e4b28      140728168500008
r14            0x55d228400dd8      94361106779608
r15            0x7f8c5d267020      140240834949152
rip            0x7f8c5d0cae3c      0x7f8c5d0cae3c <__pthread_kill_implementation+268>
eflags         0x246               [ PF ZF IF ]
cs             0x33                51
ss             0x2b                43
ds             0x0                 0
es             0x0                 0
fs             0x0                 0
gs             0x0                 0
(gdb) info registers rip
rip            0x7f8c5d0cae3c      0x7f8c5d0cae3c <__pthread_kill_implementation+268>
(gdb) info symbol raise
raise in section .text of /lib/x86_64-linux-gnu/libc.so.6
(gdb) info address raise
Symbol "raise" is at 0x7f8c5d07bfa0 in a file compiled without debugging.
```
# examine command
```bash
(gdb) x/24i 0x7f8c5d07bfa0
   0x7f8c5d07bfa0 <__GI_raise>:	push   %rbx
   0x7f8c5d07bfa1 <__GI_raise+1>:	mov    %edi,%ebx
   0x7f8c5d07bfa3 <__GI_raise+3>:	call   0x7f8c5d0cf5e0 <__GI___pthread_self>
   0x7f8c5d07bfa8 <__GI_raise+8>:	mov    %ebx,%esi
   0x7f8c5d07bfaa <__GI_raise+10>:	mov    %rax,%rdi
   0x7f8c5d07bfad <__GI_raise+13>:	call   0x7f8c5d0cae90 <__GI___pthread_kill>
   0x7f8c5d07bfb2 <__GI_raise+18>:	test   %eax,%eax
   0x7f8c5d07bfb4 <__GI_raise+20>:	jne    0x7f8c5d07bfc0 <__GI_raise+32>
   0x7f8c5d07bfb6 <__GI_raise+22>:	pop    %rbx
   0x7f8c5d07bfb7 <__GI_raise+23>:	ret
   0x7f8c5d07bfb8 <__GI_raise+24>:	nopl   0x0(%rax,%rax,1)
   0x7f8c5d07bfc0 <__GI_raise+32>:	mov    0x195e19(%rip),%rdx        # 0x7f8c5d211de0
   0x7f8c5d07bfc7 <__GI_raise+39>:	mov    %eax,%fs:(%rdx)
   0x7f8c5d07bfca <__GI_raise+42>:	mov    $0xffffffff,%eax
   0x7f8c5d07bfcf <__GI_raise+47>:	pop    %rbx
   0x7f8c5d07bfd0 <__GI_raise+48>:	ret
   0x7f8c5d07bfd1:	cs nopw 0x0(%rax,%rax,1)
   0x7f8c5d07bfdb:	nopl   0x0(%rax,%rax,1)
   0x7f8c5d07bfe0 <killpg>:	test   %edi,%edi
   0x7f8c5d07bfe2 <killpg+2>:	js     0x7f8c5d07bff0 <killpg+16>
   0x7f8c5d07bfe4 <killpg+4>:	neg    %edi
   0x7f8c5d07bfe6 <killpg+6>:	jmp    0x7f8c5d07c260 <__GI_kill>
   0x7f8c5d07bfeb <killpg+11>:	nopl   0x0(%rax,%rax,1)
   0x7f8c5d07bff0 <killpg+16>:	mov    0x195de9(%rip),%rax        # 0x7f8c5d211de0
(gdb) x/5dg 0x7f8c5d07bfa0
0x7f8c5d07bfa0 <__GI_raise>:	1466992938420563	-1234293304153547127
0x7f8c5d07bfb0 <__GI_raise+16>:	-4369887512575541244	8658703
0x7f8c5d07bfc0 <__GI_raise+32>:	7205787295731256136
(gdb) x/3s 0x7f8c5d07bfa0
0x7f8c5d07bfa0 <__GI_raise>:	"S\211\373\35086\005"
0x7f8c5d07bfa8 <__GI_raise+8>:	"\211\336H\211\307\350\336\356\004"
0x7f8c5d07bfb2 <__GI_raise+18>:	"\205\300u\n[\303\017\037\204"
```
# disassemble command
```bash
(gdb) disassemble raise
Dump of assembler code for function __GI_raise:
   0x00007f8c5d07bfa0 <+0>:	push   %rbx
   0x00007f8c5d07bfa1 <+1>:	mov    %edi,%ebx
   0x00007f8c5d07bfa3 <+3>:	call   0x7f8c5d0cf5e0 <__GI___pthread_self>
   0x00007f8c5d07bfa8 <+8>:	mov    %ebx,%esi
   0x00007f8c5d07bfaa <+10>:	mov    %rax,%rdi
   0x00007f8c5d07bfad <+13>:	call   0x7f8c5d0cae90 <__GI___pthread_kill>
   0x00007f8c5d07bfb2 <+18>:	test   %eax,%eax
   0x00007f8c5d07bfb4 <+20>:	jne    0x7f8c5d07bfc0 <__GI_raise+32>
   0x00007f8c5d07bfb6 <+22>:	pop    %rbx
   0x00007f8c5d07bfb7 <+23>:	ret
   0x00007f8c5d07bfb8 <+24>:	nopl   0x0(%rax,%rax,1)
   0x00007f8c5d07bfc0 <+32>:	mov    0x195e19(%rip),%rdx        # 0x7f8c5d211de0
   0x00007f8c5d07bfc7 <+39>:	mov    %eax,%fs:(%rdx)
   0x00007f8c5d07bfca <+42>:	mov    $0xffffffff,%eax
   0x00007f8c5d07bfcf <+47>:	pop    %rbx
   0x00007f8c5d07bfd0 <+48>:	ret
End of assembler dump.
```
# help command
```bash
(gdb) help disassemblee
Disassemble a specified section of memory.
Usage: disassemble[/m|/r|/s] START [, END]
Default is the function surrounding the pc of the selected frame.

With a /s modifier, source lines are included (if available).
In this mode, the output is displayed in PC address order, and
file names and contents for all relevant source files are displayed.

With a /m modifier, source lines are included (if available).
This view is "source centric": the output is in source line order,
regardless of any optimization that is present.  Only the main source file
is displayed, not those of, e.g., any inlined functions.
This modifier hasn't proved useful in practice and is deprecated
in favor of /s.

With a /r modifier, raw instructions in hex are included.

With a single argument, the function surrounding that address is dumped.
Two arguments (separated by a comma) are taken as a range of memory to dump,
  in the form of "start,end", or "start,+length".

Note that the address is interpreted as an expression, not as a location
like in the "break" command.
So, for example, if you want to disassemble function bar in file foo.c
you must type "disassemble 'foo.c'::bar" and not "disassemble foo.c:bar".
(gdb) q
```
